0 info it worked if it ends with ok
1 verbose cli [ 'D:\\Program Files\\nodejs\\node.exe',
1 verbose cli   'D:\\Program Files\\nodejs\\node_modules\\npm\\bin\\npm-cli.js',
1 verbose cli   'start' ]
2 info using npm@4.0.3
3 info using node@v5.5.0
4 verbose run-script [ 'prestart', 'start', 'poststart' ]
5 info lifecycle microblog@0.0.0~prestart: microblog@0.0.0
6 silly lifecycle microblog@0.0.0~prestart: no script for prestart, continuing
7 info lifecycle microblog@0.0.0~start: microblog@0.0.0
8 verbose lifecycle microblog@0.0.0~start: unsafe-perm in lifecycle true
9 verbose lifecycle microblog@0.0.0~start: PATH: D:\Program Files\nodejs\node_modules\npm\bin\node-gyp-bin;D:\node\microblog\node_modules\.bin;C:\Windows\system32;C:\Windows;C:\Windows\System32\Wbem;C:\Windows\System32\WindowsPowerShell\v1.0\;C:\Program Files (x86)\Intel\OpenCL SDK\2.0\bin\x86;C:\Program Files (x86)\Intel\OpenCL SDK\2.0\bin\x64;C:\Program Files\TortoiseSVN\bin;D:\open\less.js-windows;D:\Program Files\nodejs\;D:\phpStudy\php55;C:\ProgramData\ComposerSetup\bin;D:\Program Files\nodejs\node_global;F:\lessc\less.js-windows;C:\Users\YOUXIN-1\AppData\Roaming\npm;C:\Users\YOUXIN-1\AppData\Roaming\Composer\vendor\bin;D:\Program Files\nodejs\node_global;D:\Program Files\mongodb\bin
10 verbose lifecycle microblog@0.0.0~start: CWD: D:\node\microblog
11 silly lifecycle microblog@0.0.0~start: Args: [ '/d /s /c', 'node ./bin/www' ]
12 verbose stack Error: kill ENOSYS
12 verbose stack     at exports._errnoException (util.js:856:11)
12 verbose stack     at process.kill (node.js:809:15)
12 verbose stack     at process.listener (D:\Program Files\nodejs\node_modules\npm\node_modules\npmlog\node_modules\gauge\node_modules\signal-exit\index.js:86:15)
12 verbose stack     at emitNone (events.js:85:20)
12 verbose stack     at process.emit (events.js:179:7)
12 verbose stack     at processEmit (D:\Program Files\nodejs\node_modules\npm\node_modules\npmlog\node_modules\gauge\node_modules\signal-exit\index.js:146:32)
12 verbose stack     at processEmit (D:\Program Files\nodejs\node_modules\npm\node_modules\npm-registry-client\node_modules\npmlog\node_modules\gauge\node_modules\signal-exit\index.js:146:32)
12 verbose stack     at Signal.wrap.onsignal (node.js:835:46)
13 verbose cwd D:\node\microblog
14 error Windows_NT 6.1.7601
15 error argv "D:\\Program Files\\nodejs\\node.exe" "D:\\Program Files\\nodejs\\node_modules\\npm\\bin\\npm-cli.js" "start"
16 error node v5.5.0
17 error npm  v4.0.3
18 error code ENOSYS
19 error errno ENOSYS
20 error syscall kill
21 error kill ENOSYS
22 error If you need help, you may report this error at:
22 error     <https://github.com/npm/npm/issues>
23 verbose exit [ 1, true ]
